<?xml version="1.0" encoding="UTF-8"?>
<!-- Generated by org.testng.reporters.JUnitReportReporter -->
<testsuite hostname="DESKTOP-L8CRSMQ" failures="0" tests="1" name="restAssured.TestCase01_RestAssured" time="2.275" errors="0" timestamp="2019-08-19T23:32:16 IST" skipped="0">
  <testcase classname="restAssured.TestCase01_RestAssured" name="getWeatherDetails" time="2.275"/>
</testsuite> <!-- restAssured.TestCase01_RestAssured -->
